{"C:\\Users\\kodyc\\Documents\\projects\\CPTR-456-F25\\Week 4\\src\\simple.js": {"path":"C:\\Users\\kodyc\\Documents\\projects\\CPTR-456-F25\\Week 4\\src\\simple.js","all":false,"statementMap":{"0":{"start":{"line":1,"column":0},"end":{"line":1,"column":27}},"1":{"start":{"line":2,"column":0},"end":{"line":2,"column":56}},"2":{"start":{"line":3,"column":0},"end":{"line":3,"column":25}},"3":{"start":{"line":4,"column":0},"end":{"line":4,"column":5}},"4":{"start":{"line":5,"column":0},"end":{"line":5,"column":0}},"5":{"start":{"line":6,"column":0},"end":{"line":6,"column":30}},"6":{"start":{"line":7,"column":0},"end":{"line":7,"column":24}},"7":{"start":{"line":8,"column":0},"end":{"line":8,"column":5}},"8":{"start":{"line":9,"column":0},"end":{"line":9,"column":0}},"9":{"start":{"line":10,"column":0},"end":{"line":10,"column":38}},"10":{"start":{"line":11,"column":0},"end":{"line":11,"column":24}},"11":{"start":{"line":12,"column":0},"end":{"line":12,"column":5}},"12":{"start":{"line":13,"column":0},"end":{"line":13,"column":0}},"13":{"start":{"line":14,"column":0},"end":{"line":14,"column":17}},"14":{"start":{"line":15,"column":0},"end":{"line":15,"column":1}}},"s":{"0":1,"1":5,"2":1,"3":1,"4":4,"5":5,"6":1,"7":1,"8":3,"9":5,"10":1,"11":1,"12":2,"13":2,"14":2},"branchMap":{"0":{"type":"branch","line":1,"loc":{"start":{"line":1,"column":7},"end":{"line":15,"column":1}},"locations":[{"start":{"line":1,"column":7},"end":{"line":15,"column":1}}]},"1":{"type":"branch","line":2,"loc":{"start":{"line":2,"column":55},"end":{"line":4,"column":5}},"locations":[{"start":{"line":2,"column":55},"end":{"line":4,"column":5}}]},"2":{"type":"branch","line":4,"loc":{"start":{"line":4,"column":4},"end":{"line":6,"column":27}},"locations":[{"start":{"line":4,"column":4},"end":{"line":6,"column":27}}]},"3":{"type":"branch","line":6,"loc":{"start":{"line":6,"column":29},"end":{"line":8,"column":5}},"locations":[{"start":{"line":6,"column":29},"end":{"line":8,"column":5}}]},"4":{"type":"branch","line":8,"loc":{"start":{"line":8,"column":4},"end":{"line":10,"column":35}},"locations":[{"start":{"line":8,"column":4},"end":{"line":10,"column":35}}]},"5":{"type":"branch","line":10,"loc":{"start":{"line":10,"column":37},"end":{"line":12,"column":5}},"locations":[{"start":{"line":10,"column":37},"end":{"line":12,"column":5}}]},"6":{"type":"branch","line":12,"loc":{"start":{"line":12,"column":4},"end":{"line":15,"column":1}},"locations":[{"start":{"line":12,"column":4},"end":{"line":15,"column":1}}]}},"b":{"0":[5],"1":[1],"2":[4],"3":[1],"4":[3],"5":[1],"6":[2]},"fnMap":{"0":{"name":"add","decl":{"start":{"line":1,"column":7},"end":{"line":15,"column":1}},"loc":{"start":{"line":1,"column":7},"end":{"line":15,"column":1}},"line":1}},"f":{"0":5}}
}
